1650388806058	geckodriver	INFO	Listening on 127.0.0.1:56615
1650388809132	mozrunner::runner	INFO	Running command: "C:\\Program Files\\Mozilla Firefox\\firefox.exe" "--marionette" "--remote-debugging-port" "56616" "--remote-allow-hosts" "localhost" "-no-remote" "-profile" "C:\\Users\\gabri\\AppData\\Local\\Temp\\rust_mozprofileAcs4SV"
1650388809711	Marionette	INFO	Marionette enabled
console.warn: SearchSettings: "get: No settings file exists, new profile?" (new NotFoundError("Could not open the file at C:\\Users\\gabri\\AppData\\Local\\Temp\\rust_mozprofileAcs4SV\\search.json.mozlz4", (void 0)))
DevTools listening on ws://localhost:56616/devtools/browser/767afe6c-f216-4c36-82bc-ea7252f193bb
1650388812654	Marionette	INFO	Listening on port 56642
Read port: 56642
1650388812728	RemoteAgent	WARN	TLS certificate errors will be ignored for this session
1650388950030	Marionette	INFO	Stopped listening on port 56642
console.warn: TopSitesFeed: Failed to fetch data from Contile server: NetworkError when attempting to fetch resource.

###!!! [Parent][PGPUParent] Error: RunMessage(msgname=PGPU::Msg_ShutdownVR) Channel closing: too late to send/recv, messages will be lost

1650388953884	geckodriver	INFO	Listening on 127.0.0.1:53266
1650388956972	mozrunner::runner	INFO	Running command: "C:\\Program Files\\Mozilla Firefox\\firefox.exe" "--marionette" "--remote-debugging-port" "53267" "--remote-allow-hosts" "localhost" "-no-remote" "-profile" "C:\\Users\\gabri\\AppData\\Local\\Temp\\rust_mozprofilenQkvDo"
1650388957507	Marionette	INFO	Marionette enabled
console.warn: SearchSettings: "get: No settings file exists, new profile?" (new NotFoundError("Could not open the file at C:\\Users\\gabri\\AppData\\Local\\Temp\\rust_mozprofilenQkvDo\\search.json.mozlz4", (void 0)))
DevTools listening on ws://localhost:53267/devtools/browser/811d0d41-939a-49e2-8cdf-b1d04914abad
1650388960402	Marionette	INFO	Listening on port 53299
Read port: 53299
1650388960456	RemoteAgent	WARN	TLS certificate errors will be ignored for this session
JavaScript error: https://web.whatsapp.com/serviceworker.js, line 1: TypeError: Cache.put: Cache got basic response with bad status 206 while trying to add request https://web.whatsapp.com/sequential-ptt-middle_7fa161964e93db72b8d00ae22189d75f.mp3
JavaScript error: https://web.whatsapp.com/serviceworker.js, line 1: TypeError: Cache.put: Cache got basic response with bad status 206 while trying to add request https://web.whatsapp.com/sequential-ptt-end_62ed28be622237546fd39f9468a76a49.mp3
JavaScript error: https://web.whatsapp.com/serviceworker.js, line 1: TypeError: Cache.put: Cache got basic response with bad status 206 while trying to add request https://web.whatsapp.com/notification_2a485d84012c106acef03b527bb54635.mp3

###!!! [Parent][PBackgroundParent] Error: RunMessage(msgname=PMessagePort::Msg_Close) Channel closing: too late to send/recv, messages will be lost


###!!! [Parent][PBackgroundParent] Error: RunMessage(msgname=PMessagePort::Msg_Close) Channel closing: too late to send/recv, messages will be lost


###!!! [Parent][PBackgroundParent] Error: RunMessage(msgname=PBackgroundIDBDatabase::Msg_Close) Channel closing: too late to send/recv, messages will be lost

JavaScript error: , line 0: NotFoundError: No such JSWindowActor 'DevToolsFrame'
[Child 28592, MediaDecoderStateMachine #1] WARNING: 1a13187d200 Could not set cubeb stream name.: file /builds/worker/checkouts/gecko/dom/media/AudioStream.cpp:330
1650389417132	Marionette	INFO	Stopped listening on port 53299
console.warn: TopSitesFeed: Failed to fetch data from Contile server: NetworkError when attempting to fetch resource.
remote-debugging-port" "53563" "--remote-allow-hosts" "localhost" "-no-remote" "-profile" "C:\\Users\\gabri\\AppData\\Local\\Temp\\rust_mozprofileVbhkgz"
1650389352971	Marionette	INFO	Marionette enabled
console.warn: SearchSettings: "get: No settings file exists, new profile?" (new NotFoundError("Could not open the file at C:\\Users\\gabri\\AppData\\Local\\Temp\\rust_mozprofileVbhkgz\\search.json.mozlz4", (void 0)))
DevTools listening on ws://localhost:53563/devtools/browser/fb83fc25-28c3-479e-aeeb-af8772586830
1650389356047	Marionette	INFO	Listening on port 53605
Read port: 53605
1650389356168	RemoteAgent	WARN	TLS certificate errors will be ignored for this session
JavaScript error: https://web.whatsapp.com/serviceworker.js, line 1: TypeError: Cache.put: Cache got basic response with bad status 206 while trying to add request https://web.whatsapp.com/sequential-ptt-middle_7fa161964e93db72b8d00ae22189d75f.mp3
JavaScript error: https://web.whatsapp.com/serviceworker.js, line 1: TypeError: Cache.put: Cache got basic response with bad status 206 while trying to add request https://web.whatsapp.com/sequential-ptt-end_62ed28be622237546fd39f9468a76a49.mp3
JavaScript error: https://web.whatsapp.com/serviceworker.js, line 1: TypeError: Cache.put: Cache got basic response with bad status 206 while trying to add request https://web.whatsapp.com/notification_2a485d84012c106acef03b527bb54635.mp3
1650389414807	Marionette	INFO	Stopped listening on port 53605
console.warn: TopSitesFeed: Failed to fetch data from Contile server: NetworkError when attempting to fetch resource.
1650389615168	geckodriver	INFO	Listening on 127.0.0.1:53775
1650389618231	mozrunner::runner	INFO	Running command: "C:\\Program Files\\Mozilla Firefox\\firefox.exe" "--marionette" "--remote-debugging-port" "53776" "--remote-allow-hosts" "localhost" "-no-remote" "-profile" "C:\\Users\\gabri\\AppData\\Local\\Temp\\rust_mozprofilemApVG0"
1650389618711	Marionette	INFO	Marionette enabled
console.warn: SearchSettings: "get: No settings file exists, new profile?" (new NotFoundError("Could not open the file at C:\\Users\\gabri\\AppData\\Local\\Temp\\rust_mozprofilemApVG0\\search.json.mozlz4", (void 0)))
DevTools listening on ws://localhost:53776/devtools/browser/ba21f514-9331-4e1b-a1f9-8d44a15d0a93
1650389621391	Marionette	INFO	Listening on port 53803
Read port: 53803
1650389621513	RemoteAgent	WARN	TLS certificate errors will be ignored for this session
JavaScript error: https://web.whatsapp.com/serviceworker.js, line 1: TypeError: Cache.put: Cache got basic response with bad status 206 while trying to add request https://web.whatsapp.com/sequential-ptt-middle_7fa161964e93db72b8d00ae22189d75f.mp3
JavaScript error: https://web.whatsapp.com/serviceworker.js, line 1: TypeError: Cache.put: Cache got basic response with bad status 206 while trying to add request https://web.whatsapp.com/sequential-ptt-end_62ed28be622237546fd39f9468a76a49.mp3
JavaScript error: https://web.whatsapp.com/serviceworker.js, line 1: TypeError: Cache.put: Cache got basic response with bad status 206 while trying to add request https://web.whatsapp.com/notification_2a485d84012c106acef03b527bb54635.mp3
JavaScript error: , line 0: NetworkError: FetchEvent.respondWith() Promise rejected
1650389662478	Marionette	INFO	Stopped listening on port 53803
console.warn: TopSitesFeed: Failed to fetch data from Contile server: NetworkError when attempting to fetch resource.
1650389846166	geckodriver	INFO	Listening on 127.0.0.1:53964
1650389849247	mozrunner::runner	INFO	Running command: "C:\\Program Files\\Mozilla Firefox\\firefox.exe" "--marionette" "--remote-debugging-port" "53965" "--remote-allow-hosts" "localhost" "-no-remote" "-profile" "C:\\Users\\gabri\\AppData\\Local\\Temp\\rust_mozprofilekzUWBJ"
1650389849779	Marionette	INFO	Marionette enabled
console.warn: SearchSettings: "get: No settings file exists, new profile?" (new NotFoundError("Could not open the file at C:\\Users\\gabri\\AppData\\Local\\Temp\\rust_mozprofilekzUWBJ\\search.json.mozlz4", (void 0)))
DevTools listening on ws://localhost:53965/devtools/browser/24cf98bd-3e62-4108-b1e3-01128fcb91ab
1650389852320	Marionette	INFO	Listening on port 53992
Read port: 53992
1650389852379	RemoteAgent	WARN	TLS certificate errors will be ignored for this session
1650390667663	Marionette	INFO	Stopped listening on port 53992
console.warn: TopSitesFeed: Failed to fetch data from Contile server: NetworkError when attempting to fetch resource.
remote-debugging-port" "54456" "--remote-allow-hosts" "localhost" "-no-remote" "-profile" "C:\\Users\\gabri\\AppData\\Local\\Temp\\rust_mozprofile6FPME6"
1650390582699	Marionette	INFO	Marionette enabled
console.warn: SearchSettings: "get: No settings file exists, new profile?" (new NotFoundError("Could not open the file at C:\\Users\\gabri\\AppData\\Local\\Temp\\rust_mozprofile6FPME6\\search.json.mozlz4", (void 0)))
DevTools listening on ws://localhost:54456/devtools/browser/4c22c38c-8974-4b63-9dd4-817e7b636412
1650390585247	Marionette	INFO	Listening on port 54483
Read port: 54483
1650390585308	RemoteAgent	WARN	TLS certificate errors will be ignored for this session
console.error: Region.jsm: "Error fetching region" (new Error("TIMEOUT", "resource://gre/modules/Region.jsm", 772))
console.error: Region.jsm: "Failed to fetch region" (new Error("TIMEOUT", "resource://gre/modules/Region.jsm", 419))
JavaScript error: https://web.whatsapp.com/serviceworker.js, line 1: TypeError: Cache.put: Cache got basic response with bad status 206 while trying to add request https://web.whatsapp.com/sequential-ptt-middle_7fa161964e93db72b8d00ae22189d75f.mp3
JavaScript error: https://web.whatsapp.com/serviceworker.js, line 1: TypeError: Cache.put: Cache got basic response with bad status 206 while trying to add request https://web.whatsapp.com/notification_2a485d84012c106acef03b527bb54635.mp3
JavaScript error: https://web.whatsapp.com/serviceworker.js, line 1: TypeError: Cache.put: Cache got basic response with bad status 206 while trying to add request https://web.whatsapp.com/sequential-ptt-end_62ed28be622237546fd39f9468a76a49.mp3
1650390668794	Marionette	INFO	Stopped listening on port 54483
console.warn: TopSitesFeed: Failed to fetch data from Contile server: NetworkError when attempting to fetch resource.
1650390679831	geckodriver	INFO	Listening on 127.0.0.1:54583
1650390682914	mozrunner::runner	INFO	Running command: "C:\\Program Files\\Mozilla Firefox\\firefox.exe" "--marionette" "--remote-debugging-port" "54584" "--remote-allow-hosts" "localhost" "-no-remote" "-profile" "C:\\Users\\gabri\\AppData\\Local\\Temp\\rust_mozprofile26T6O4"
1650390683432	Marionette	INFO	Marionette enabled
console.warn: SearchSettings: "get: No settings file exists, new profile?" (new NotFoundError("Could not open the file at C:\\Users\\gabri\\AppData\\Local\\Temp\\rust_mozprofile26T6O4\\search.json.mozlz4", (void 0)))
DevTools listening on ws://localhost:54584/devtools/browser/79fd0193-f2c7-4a82-84e8-02201adf6315
1650390686083	Marionette	INFO	Listening on port 54615
Read port: 54615
1650390686151	RemoteAgent	WARN	TLS certificate errors will be ignored for this session
JavaScript error: https://web.whatsapp.com/serviceworker.js, line 1: TypeError: Cache.put: Cache got basic response with bad status 206 while trying to add request https://web.whatsapp.com/sequential-ptt-middle_7fa161964e93db72b8d00ae22189d75f.mp3
JavaScript error: https://web.whatsapp.com/serviceworker.js, line 1: TypeError: Cache.put: Cache got basic response with bad status 206 while trying to add request https://web.whatsapp.com/sequential-ptt-end_62ed28be622237546fd39f9468a76a49.mp3
JavaScript error: https://web.whatsapp.com/serviceworker.js, line 1: TypeError: Cache.put: Cache got basic response with bad status 206 while trying to add request https://web.whatsapp.com/notification_2a485d84012c106acef03b527bb54635.mp3
JavaScript error: https://web.whatsapp.com/serviceworker.js, line 1: TypeError: Cache.put: Cache got basic response with bad status 206 while trying to add request https://web.whatsapp.com/sequential-ptt-middle_7fa161964e93db72b8d00ae22189d75f.mp3
JavaScript error: https://web.whatsapp.com/serviceworker.js, line 1: TypeError: Cache.put: Cache got basic response with bad status 206 while trying to add request https://web.whatsapp.com/sequential-ptt-end_62ed28be622237546fd39f9468a76a49.mp3
JavaScript error: https://web.whatsapp.com/serviceworker.js, line 1: TypeError: Cache.put: Cache got basic response with bad status 206 while trying to add request https://web.whatsapp.com/notification_2a485d84012c106acef03b527bb54635.mp3
1650390727794	Marionette	INFO	Stopped listening on port 54615
console.warn: TopSitesFeed: Failed to fetch data from Contile server: NetworkError when attempting to fetch resource.

###!!! [Parent][PGPUParent] Error: RunMessage(msgname=PGPU::Msg_ShutdownVR) Channel closing: too late to send/recv, messages will be lost

1650390741619	geckodriver	INFO	Listening on 127.0.0.1:54675
1650390744724	mozrunner::runner	INFO	Running command: "C:\\Program Files\\Mozilla Firefox\\firefox.exe" "--marionette" "--remote-debugging-port" "54676" "--remote-allow-hosts" "localhost" "-no-remote" "-profile" "C:\\Users\\gabri\\AppData\\Local\\Temp\\rust_mozprofilebhR1ni"
1650390745273	Marionette	INFO	Marionette enabled
console.warn: SearchSettings: "get: No settings file exists, new profile?" (new NotFoundError("Could not open the file at C:\\Users\\gabri\\AppData\\Local\\Temp\\rust_mozprofilebhR1ni\\search.json.mozlz4", (void 0)))
DevTools listening on ws://localhost:54676/devtools/browser/326998b2-8dd0-402c-ab15-5488f4309e21
1650390747762	Marionette	INFO	Listening on port 54703
Read port: 54703
1650390747902	RemoteAgent	WARN	TLS certificate errors will be ignored for this session
JavaScript error: https://web.whatsapp.com/serviceworker.js, line 1: TypeError: Cache.put: Cache got basic response with bad status 206 while trying to add request https://web.whatsapp.com/sequential-ptt-middle_7fa161964e93db72b8d00ae22189d75f.mp3
JavaScript error: https://web.whatsapp.com/serviceworker.js, line 1: TypeError: Cache.put: Cache got basic response with bad status 206 while trying to add request https://web.whatsapp.com/notification_2a485d84012c106acef03b527bb54635.mp3
JavaScript error: https://web.whatsapp.com/serviceworker.js, line 1: TypeError: Cache.put: Cache got basic response with bad status 206 while trying to add request https://web.whatsapp.com/sequential-ptt-end_62ed28be622237546fd39f9468a76a49.mp3

###!!! [Parent][PBackgroundParent] Error: RunMessage(msgname=PBackgroundIDBDatabase::Msg_Close) Channel closing: too late to send/recv, messages will be lost

1650391092596	Marionette	INFO	Stopped listening on port 54703
1650391317548	geckodriver	INFO	Listening on 127.0.0.1:55048
1650391320668	mozrunner::runner	INFO	Running command: "C:\\Program Files\\Mozilla Firefox\\firefox.exe" "--marionette" "--remote-debugging-port" "55049" "--remote-allow-hosts" "localhost" "-no-remote" "-profile" "C:\\Users\\gabri\\AppData\\Local\\Temp\\rust_mozprofileVpaM95"
1650391321482	Marionette	INFO	Marionette enabled
console.warn: SearchSettings: "get: No settings file exists, new profile?" (new NotFoundError("Could not open the file at C:\\Users\\gabri\\AppData\\Local\\Temp\\rust_mozprofileVpaM95\\search.json.mozlz4", (void 0)))
DevTools listening on ws://localhost:55049/devtools/browser/f14ebaa2-2bef-4ae4-b51d-af2ea19773b3
1650391324560	Marionette	INFO	Listening on port 55076
Read port: 55076
1650391324635	RemoteAgent	WARN	TLS certificate errors will be ignored for this session
JavaScript error: https://web.whatsapp.com/serviceworker.js, line 1: TypeError: Cache.put: Cache got basic response with bad status 206 while trying to add request https://web.whatsapp.com/sequential-ptt-middle_7fa161964e93db72b8d00ae22189d75f.mp3
JavaScript error: https://web.whatsapp.com/serviceworker.js, line 1: TypeError: Cache.put: Cache got basic response with bad status 206 while trying to add request https://web.whatsapp.com/notification_2a485d84012c106acef03b527bb54635.mp3
JavaScript error: https://web.whatsapp.com/serviceworker.js, line 1: TypeError: Cache.put: Cache got basic response with bad status 206 while trying to add request https://web.whatsapp.com/sequential-ptt-end_62ed28be622237546fd39f9468a76a49.mp3
1650391693574	Marionette	INFO	Stopped listening on port 55076
console.warn: TopSitesFeed: Failed to fetch data from Contile server: NetworkError when attempting to fetch resource.
remote-debugging-port" "55165" "--remote-allow-hosts" "localhost" "-no-remote" "-profile" "C:\\Users\\gabri\\AppData\\Local\\Temp\\rust_mozprofileeZnt1y"
1650391421935	Marionette	INFO	Marionette enabled
console.warn: SearchSettings: "get: No settings file exists, new profile?" (new NotFoundError("Could not open the file at C:\\Users\\gabri\\AppData\\Local\\Temp\\rust_mozprofileeZnt1y\\search.json.mozlz4", (void 0)))
DevTools listening on ws://localhost:55165/devtools/browser/da5fde34-bae7-4bd5-8138-a3aaffbc45f8
1650391424559	Marionette	INFO	Listening on port 55193
Read port: 55193
1650391424604	RemoteAgent	WARN	TLS certificate errors will be ignored for this session
1650391442862	Marionette	INFO	Stopped listening on port 55193
JavaScript error: chrome://remote/content/marionette/cert.js, line 55: NS_ERROR_NOT_AVAILABLE: Component returned failure code: 0x80040111 (NS_ERROR_NOT_AVAILABLE) [nsICertOverrideService.setDisableAllSecurityChecksAndLetAttackersInterceptMyData]
console.warn: TopSitesFeed: Failed to fetch data from Contile server: NetworkError when attempting to fetch resource.

###!!! [Parent][PBackgroundParent] Error: RunMessage(msgname=PMessagePort::Msg_Close) Channel closing: too late to send/recv, messages will be lost


###!!! [Parent][PBackgroundParent] Error: RunMessage(msgname=PBackgroundIDBDatabase::Msg_Close) Channel closing: too late to send/recv, messages will be lost


###!!! [Parent][PGPUParent] Error: RunMessage(msgname=PGPU::Msg_ShutdownVR) Channel closing: too late to send/recv, messages will be lost

1650391637943	geckodriver	INFO	Listening on 127.0.0.1:51843
1650391641052	mozrunner::runner	INFO	Running command: "C:\\Program Files\\Mozilla Firefox\\firefox.exe" "--marionette" "--remote-debugging-port" "51844" "--remote-allow-hosts" "localhost" "-no-remote" "-profile" "C:\\Users\\gabri\\AppData\\Local\\Temp\\rust_mozprofileF9uSiH"
1650391641638	Marionette	INFO	Marionette enabled
console.warn: SearchSettings: "get: No settings file exists, new profile?" (new NotFoundError("Could not open the file at C:\\Users\\gabri\\AppData\\Local\\Temp\\rust_mozprofileF9uSiH\\search.json.mozlz4", (void 0)))
DevTools listening on ws://localhost:51844/devtools/browser/91a6bf30-9aa7-411b-bdec-33068d1bb79e
1650391644557	Marionette	INFO	Listening on port 51870
Read port: 51870
1650391644673	RemoteAgent	WARN	TLS certificate errors will be ignored for this session
JavaScript error: https://web.whatsapp.com/serviceworker.js, line 1: TypeError: Cache.put: Cache got basic response with bad status 206 while trying to add request https://web.whatsapp.com/sequential-ptt-middle_7fa161964e93db72b8d00ae22189d75f.mp3
JavaScript error: https://web.whatsapp.com/serviceworker.js, line 1: TypeError: Cache.put: Cache got basic response with bad status 206 while trying to add request https://web.whatsapp.com/sequential-ptt-end_62ed28be622237546fd39f9468a76a49.mp3
JavaScript error: https://web.whatsapp.com/serviceworker.js, line 1: TypeError: Cache.put: Cache got basic response with bad status 206 while trying to add request https://web.whatsapp.com/notification_2a485d84012c106acef03b527bb54635.mp3
1650391684891	Marionette	INFO	Stopped listening on port 51870
console.warn: TopSitesFeed: Failed to fetch data from Contile server: NetworkError when attempting to fetch resource.

###!!! [Parent][PGPUParent] Error: RunMessage(msgname=PGPU::Msg_ShutdownVR) Channel closing: too late to send/recv, messages will be lost

